
{"code":11000,"index":0,"keyPattern":{"username":1},"keyValue":{"username":"rafa"},"level":"error"}
{"code":11000,"index":0,"keyPattern":{"username":1},"keyValue":{"username":"rafa"},"level":"error"}
{"code":11000,"index":0,"keyPattern":{"username":1},"keyValue":{"username":"rafa"},"level":"error"}
{"code":11000,"index":0,"keyPattern":{"username":1},"keyValue":{"username":"rafa"},"level":"error"}
{"code":11000,"index":0,"keyPattern":{"username":1},"keyValue":{"username":"rafa"},"level":"error"}
{"code":11000,"index":0,"keyPattern":{"username":1},"keyValue":{"username":"rafa"},"level":"error"}
{"code":11000,"index":0,"keyPattern":{"username":1},"keyValue":{"username":"rafa"},"level":"error"}
{"code":11000,"index":0,"keyPattern":{"username":1},"keyValue":{"username":"rafa"},"level":"error"}
{"level":"info","message":"Count visits"}
{"level":"info","message":"Username&pass"}
{"level":"info","message":"usuario loggeado!"}
{"level":"info","message":"Nuevo cliente conectado!"}
{"level":"info","message":"No messages found"}
{"level":"info","message":"User desconectado"}
{"level":"info","message":"Nuevo cliente conectado!"}
{"level":"info","message":"No messages found"}
{"level":"info","message":"User desconectado"}
{"level":"info","message":"usuario session: ","userInfo":{"_id":"6386333ff9ea886558247992","password":"$2b$10$CgKalNODBooX/2AL42HdFeabmAExr6tKNRnT9anCWjSqryp9N9JxG","username":"rafa"},"visits":1}
{"level":"info","message":"Nuevo cliente conectado!"}
{"level":"info","message":"No messages found"}
{"level":"info","message":"User desconectado"}
{"level":"info","message":"Nuevo cliente conectado!"}
{"level":"info","message":"No messages found"}
{"level":"info","message":"User desconectado"}
{"level":"info","message":"Nuevo cliente conectado!"}
{"level":"info","message":"No messages found"}
{"level":"info","message":"Nuevo cliente conectado!"}
{"level":"info","message":"No messages found"}
{"level":"info","message":"User desconectado"}
{"level":"info","message":"usuario session: ","userInfo":{"_id":"6386333ff9ea886558247992","password":"$2b$10$CgKalNODBooX/2AL42HdFeabmAExr6tKNRnT9anCWjSqryp9N9JxG","username":"rafa"},"visits":1}
{"level":"info","message":"Nuevo cliente conectado!"}
{"level":"info","message":"No messages found"}
{"level":"info","message":"User desconectado"}
{"level":"info","message":"usuario session: ","userInfo":{"_id":"6386333ff9ea886558247992","password":"$2b$10$CgKalNODBooX/2AL42HdFeabmAExr6tKNRnT9anCWjSqryp9N9JxG","username":"rafa"},"visits":1}
{"level":"info","message":"Nuevo cliente conectado!"}
{"level":"info","message":"No messages found"}
{"level":"info","message":"User desconectado"}
{"level":"info","message":"Nuevo cliente conectado!"}
{"level":"info","message":"No messages found"}
{"level":"info","message":"User desconectado"}
{"level":"info","message":"usuario session: ","userInfo":{"_id":"6386333ff9ea886558247992","password":"$2b$10$CgKalNODBooX/2AL42HdFeabmAExr6tKNRnT9anCWjSqryp9N9JxG","username":"rafa"},"visits":1}
{"level":"info","message":"Nuevo cliente conectado!"}
{"level":"info","message":"No messages found"}
{"level":"info","message":"User desconectado"}
{"level":"info","message":"usuario session: ","userInfo":{"_id":"6386333ff9ea886558247992","password":"$2b$10$CgKalNODBooX/2AL42HdFeabmAExr6tKNRnT9anCWjSqryp9N9JxG","username":"rafa"},"visits":1}
{"level":"info","message":"Nuevo cliente conectado!"}
{"level":"info","message":"No messages found"}
{"_message":"Mensajes validation failed","errors":{"author.age":{"kind":"required","message":"Path `author.age` is required.","name":"ValidatorError","path":"author.age","properties":{"message":"Path `author.age` is required.","path":"author.age","type":"required"}}},"level":"error","message":"Mensajes validation failed: author.age: Path `author.age` is required.","name":"ValidationError"}
{"level":"info","message":"No messages found"}
{"_message":"Mensajes validation failed","errors":{"author.age":{"kind":"required","message":"Path `author.age` is required.","name":"ValidatorError","path":"author.age","properties":{"message":"Path `author.age` is required.","path":"author.age","type":"required"}}},"level":"error","message":"Mensajes validation failed: author.age: Path `author.age` is required.","name":"ValidationError"}
{"level":"info","message":"No messages found"}
{"_message":"Mensajes validation failed","errors":{"author.age":{"kind":"required","message":"Path `author.age` is required.","name":"ValidatorError","path":"author.age","properties":{"message":"Path `author.age` is required.","path":"author.age","type":"required"}}},"level":"error","message":"Mensajes validation failed: author.age: Path `author.age` is required.","name":"ValidationError"}
{"level":"info","message":"No messages found"}
{"level":"info","message":"Nuevo cliente conectado!"}
{"level":"info","message":"No messages found"}
{"_message":"Mensajes validation failed","errors":{"author.age":{"kind":"required","message":"Path `author.age` is required.","name":"ValidatorError","path":"author.age","properties":{"message":"Path `author.age` is required.","path":"author.age","type":"required"}}},"level":"error","message":"Mensajes validation failed: author.age: Path `author.age` is required.","name":"ValidationError"}
{"level":"info","message":"No messages found"}
{"level":"info","message":"User desconectado"}
{"level":"info","message":"usuario session: ","userInfo":{"_id":"6386333ff9ea886558247992","password":"$2b$10$CgKalNODBooX/2AL42HdFeabmAExr6tKNRnT9anCWjSqryp9N9JxG","username":"rafa"},"visits":1}
{"level":"info","message":"Nuevo cliente conectado!"}
{"level":"info","message":"No messages found"}
{"_message":"Mensajes validation failed","errors":{"author.age":{"kind":"required","message":"Path `author.age` is required.","name":"ValidatorError","path":"author.age","properties":{"message":"Path `author.age` is required.","path":"author.age","type":"required"}}},"level":"error","message":"Mensajes validation failed: author.age: Path `author.age` is required.","name":"ValidationError"}
{"level":"info","message":"No messages found"}
{"_message":"Mensajes validation failed","errors":{"author.age":{"kind":"required","message":"Path `author.age` is required.","name":"ValidatorError","path":"author.age","properties":{"message":"Path `author.age` is required.","path":"author.age","type":"required"}}},"level":"error","message":"Mensajes validation failed: author.age: Path `author.age` is required.","name":"ValidationError"}
{"level":"info","message":"No messages found"}
{"level":"info","message":"Nuevo cliente conectado!"}
{"level":"info","message":"Nuevo cliente conectado!"}
{"level":"info","message":"Nuevo cliente conectado!"}
{"level":"info","message":"No messages found"}
{"_message":"Mensajes validation failed","errors":{"author.age":{"kind":"required","message":"Path `author.age` is required.","name":"ValidatorError","path":"author.age","properties":{"message":"Path `author.age` is required.","path":"author.age","type":"required"}}},"level":"error","message":"Mensajes validation failed: author.age: Path `author.age` is required.","name":"ValidationError"}
{"level":"info","message":"No messages found"}
{"level":"info","message":"User desconectado"}
{"level":"info","message":"usuario session: ","userInfo":null}
{"level":"info","message":"Nuevo cliente conectado!"}
{"level":"info","message":"No messages found"}
{"_message":"Mensajes validation failed","errors":{"author.age":{"kind":"required","message":"Path `author.age` is required.","name":"ValidatorError","path":"author.age","properties":{"message":"Path `author.age` is required.","path":"author.age","type":"required"}}},"level":"error","message":"Mensajes validation failed: author.age: Path `author.age` is required.","name":"ValidationError"}
{"level":"info","message":"No messages found"}
{"level":"info","message":"Nuevo cliente conectado!"}
{"level":"info","message":"No messages found"}
{"level":"info","message":"Nuevo cliente conectado!"}
{"level":"info","message":"No messages found"}
{"_message":"Mensajes validation failed","errors":{"author.age":{"kind":"required","message":"Path `author.age` is required.","name":"ValidatorError","path":"author.age","properties":{"message":"Path `author.age` is required.","path":"author.age","type":"required"}}},"level":"error","message":"Mensajes validation failed: author.age: Path `author.age` is required.","name":"ValidationError"}
{"level":"info","message":"No messages found"}
{"level":"info","message":"Nuevo cliente conectado!"}
{"level":"info","message":"No messages found"}
{"level":"info","message":"User desconectado"}
{"level":"info","message":"Count visits"}
{"level":"info","message":"Username&pass"}
{"level":"info","message":"usuario loggeado!"}
{"level":"info","message":"Nuevo cliente conectado!"}
{"level":"info","message":"No messages found"}
{"level":"info","message":"User desconectado"}
{"level":"info","message":"Nuevo cliente conectado!"}
{"level":"info","message":"No messages found"}
{"level":"info","message":"User desconectado"}
{"level":"info","message":"Nuevo cliente conectado!"}
{"level":"info","message":"No messages found"}
